Determining if the include file pthread.h exists failed with the following output:
Change Dir: C:/Users/Administrator/OneDrive/Dokumente/GitHub/projectX_windows/build/CMakeFiles/CMakeTmp

Run Build Command(s):C:/Program Files (x86)/Microsoft Visual Studio/2019/Community/MSBuild/Current/Bin/MSBuild.exe cmTC_dc0fb.vcxproj /p:Configuration=Debug /p:Platform=win32 /p:VisualStudioVersion=16.0 /v:m && Microsoft (R) Build Engine version 16.10.0+4242f381a for .NET Framework
Copyright (C) Microsoft Corporation. All rights reserved.

  Microsoft (R) C/C++ Optimizing Compiler Version 19.29.30037 for x86
  Copyright (C) Microsoft Corporation.  All rights reserved.
  CheckIncludeFile.c
  cl /c /Zi /W3 /WX- /diagnostics:column /MP /Od /Ob0 /Oy- /D WIN32 /D _WINDOWS /D "CMAKE_INTDIR=\"Debug\"" /D _MBCS /Gm- /RTC1 /MDd /GS /fp:precise /Zc:wchar_t /Zc:forScope /Zc:inline /Fo"cmTC_dc0fb.dir\Debug\\" /Fd"cmTC_dc0fb.dir\Debug\vc142.pdb" /external:env:EXTERNAL_INCLUDE /external:W3 /Gd /TC /analyze- /errorReport:queue C:\Users\Administrator\OneDrive\Dokumente\GitHub\projectX_windows\build\CMakeFiles\CMakeTmp\CheckIncludeFile.c
C:\Users\Administrator\OneDrive\Dokumente\GitHub\projectX_windows\build\CMakeFiles\CMakeTmp\CheckIncludeFile.c(1,10): fatal error C1083: Cannot open include file: 'pthread.h': No such file or directory [C:\Users\Administrator\OneDrive\Dokumente\GitHub\projectX_windows\build\CMakeFiles\CMakeTmp\cmTC_dc0fb.vcxproj]



Performing C++ SOURCE FILE Test HAVE_HASH_MAP failed with the following output:
Change Dir: C:/Users/Administrator/OneDrive/Dokumente/GitHub/projectX_windows/build/CMakeFiles/CMakeTmp

Run Build Command(s):C:/Program Files (x86)/Microsoft Visual Studio/2019/Community/MSBuild/Current/Bin/MSBuild.exe cmTC_5c10e.vcxproj /p:Configuration=Debug /p:Platform=win32 /p:VisualStudioVersion=16.0 /v:m && Microsoft (R) Build Engine version 16.10.0+4242f381a for .NET Framework
Copyright (C) Microsoft Corporation. All rights reserved.

  Microsoft (R) C/C++ Optimizing Compiler Version 19.29.30037 for x86
  Copyright (C) Microsoft Corporation.  All rights reserved.
  src.cxx
  cl /c /Zi /W3 /WX- /diagnostics:column /MP /Od /Ob0 /Oy- /D WIN32 /D _WINDOWS /D HAVE_HASH_MAP /D __WINDOWS__ /D __WIN32__ /D "CMAKE_INTDIR=\"Debug\"" /D _MBCS /Gm- /EHsc /RTC1 /MDd /GS /fp:precise /Zc:wchar_t /Zc:forScope /Zc:inline /GR /Fo"cmTC_5c10e.dir\Debug\\" /Fd"cmTC_5c10e.dir\Debug\vc142.pdb" /external:env:EXTERNAL_INCLUDE /external:W3 /Gd /TP /analyze- /errorReport:queue C:\Users\Administrator\OneDrive\Dokumente\GitHub\projectX_windows\build\CMakeFiles\CMakeTmp\src.cxx
C:\Program Files (x86)\Microsoft Visual Studio\2019\Community\VC\Tools\MSVC\14.29.30037\include\hash_map(22,1): fatal error C1189: #error:  <hash_map> is deprecated and will be REMOVED. Please use <unordered_map>. You can define _SILENCE_STDEXT_HASH_DEPRECATION_WARNINGS to acknowledge that you have received this warning. [C:\Users\Administrator\OneDrive\Dokumente\GitHub\projectX_windows\build\CMakeFiles\CMakeTmp\cmTC_5c10e.vcxproj]


Source file was:
#include <hash_map>
#include <hash_set>


int main(int argc, char* argv[]) {
 
    std::hash_map<double*, char*, std::hash<double*>, std::equal_to<double*> > test1;
    std::hash_set<char*, std::hash<char*>, std::equal_to<char*> > test2;
return 0; }
Performing C++ SOURCE FILE Test HAVE_EXT_HASH_MAP failed with the following output:
Change Dir: C:/Users/Administrator/OneDrive/Dokumente/GitHub/projectX_windows/build/CMakeFiles/CMakeTmp

Run Build Command(s):C:/Program Files (x86)/Microsoft Visual Studio/2019/Community/MSBuild/Current/Bin/MSBuild.exe cmTC_bfa5a.vcxproj /p:Configuration=Debug /p:Platform=win32 /p:VisualStudioVersion=16.0 /v:m && Microsoft (R) Build Engine version 16.10.0+4242f381a for .NET Framework
Copyright (C) Microsoft Corporation. All rights reserved.

  Microsoft (R) C/C++ Optimizing Compiler Version 19.29.30037 for x86
  Copyright (C) Microsoft Corporation.  All rights reserved.
  src.cxx
  cl /c /Zi /W3 /WX- /diagnostics:column /MP /Od /Ob0 /Oy- /D WIN32 /D _WINDOWS /D HAVE_EXT_HASH_MAP /D __WINDOWS__ /D __WIN32__ /D "CMAKE_INTDIR=\"Debug\"" /D _MBCS /Gm- /EHsc /RTC1 /MDd /GS /fp:precise /Zc:wchar_t /Zc:forScope /Zc:inline /GR /Fo"cmTC_bfa5a.dir\Debug\\" /Fd"cmTC_bfa5a.dir\Debug\vc142.pdb" /external:env:EXTERNAL_INCLUDE /external:W3 /Gd /TP /analyze- /errorReport:queue C:\Users\Administrator\OneDrive\Dokumente\GitHub\projectX_windows\build\CMakeFiles\CMakeTmp\src.cxx
C:\Users\Administrator\OneDrive\Dokumente\GitHub\projectX_windows\build\CMakeFiles\CMakeTmp\src.cxx(1,10): fatal error C1083: Cannot open include file: 'ext/hash_map': No such file or directory [C:\Users\Administrator\OneDrive\Dokumente\GitHub\projectX_windows\build\CMakeFiles\CMakeTmp\cmTC_bfa5a.vcxproj]


Source file was:
#include <ext/hash_map>
#include <ext/hash_set>


int main(int argc, char* argv[]) {
 
    __gnu_cxx::hash_map<double*, char*, __gnu_cxx::hash<double*>, std::equal_to<double*> > test1;
    __gnu_cxx::hash_set<char*, __gnu_cxx::hash<char*>, std::equal_to<char*> > test2;
return 0; }
Performing C++ SOURCE FILE Test HAVE_TR1_UNORDERED_MAP failed with the following output:
Change Dir: C:/Users/Administrator/OneDrive/Dokumente/GitHub/projectX_windows/build/CMakeFiles/CMakeTmp

Run Build Command(s):C:/Program Files (x86)/Microsoft Visual Studio/2019/Community/MSBuild/Current/Bin/MSBuild.exe cmTC_08cf8.vcxproj /p:Configuration=Debug /p:Platform=win32 /p:VisualStudioVersion=16.0 /v:m && Microsoft (R) Build Engine version 16.10.0+4242f381a for .NET Framework
Copyright (C) Microsoft Corporation. All rights reserved.

  Microsoft (R) C/C++ Optimizing Compiler Version 19.29.30037 for x86
  Copyright (C) Microsoft Corporation.  All rights reserved.
  src.cxx
  cl /c /Zi /W3 /WX- /diagnostics:column /MP /Od /Ob0 /Oy- /D WIN32 /D _WINDOWS /D HAVE_TR1_UNORDERED_MAP /D __WINDOWS__ /D __WIN32__ /D "CMAKE_INTDIR=\"Debug\"" /D _MBCS /Gm- /EHsc /RTC1 /MDd /GS /fp:precise /Zc:wchar_t /Zc:forScope /Zc:inline /GR /Fo"cmTC_08cf8.dir\Debug\\" /Fd"cmTC_08cf8.dir\Debug\vc142.pdb" /external:env:EXTERNAL_INCLUDE /external:W3 /Gd /TP /analyze- /errorReport:queue C:\Users\Administrator\OneDrive\Dokumente\GitHub\projectX_windows\build\CMakeFiles\CMakeTmp\src.cxx
C:\Users\Administrator\OneDrive\Dokumente\GitHub\projectX_windows\build\CMakeFiles\CMakeTmp\src.cxx(1,10): fatal error C1083: Cannot open include file: 'tr1/unordered_map': No such file or directory [C:\Users\Administrator\OneDrive\Dokumente\GitHub\projectX_windows\build\CMakeFiles\CMakeTmp\cmTC_08cf8.vcxproj]


Source file was:
#include <tr1/unordered_map>
#include <tr1/unordered_set>


int main(int argc, char* argv[]) {
 
    std::tr1::unordered_map<double*, char*> test1;
    std::tr1::unordered_set<char*> test2;
return 0; }
Performing C SOURCE FILE Test HAVE_GCC_ATOMIC_BUILTINS failed with the following output:
Change Dir: C:/Users/Administrator/OneDrive/Dokumente/GitHub/projectX_windows/build/CMakeFiles/CMakeTmp

Run Build Command(s):C:/Program Files (x86)/Microsoft Visual Studio/2019/Community/MSBuild/Current/Bin/MSBuild.exe cmTC_6d87d.vcxproj /p:Configuration=Debug /p:Platform=win32 /p:VisualStudioVersion=16.0 /v:m && Microsoft (R) Build Engine version 16.10.0+4242f381a for .NET Framework
Copyright (C) Microsoft Corporation. All rights reserved.

  Microsoft (R) C/C++ Optimizing Compiler Version 19.29.30037 for x86
  Copyright (C) Microsoft Corporation.  All rights reserved.
  src.c
  cl /c /Zi /W3 /WX- /diagnostics:column /MP /Od /Ob0 /Oy- /D WIN32 /D _WINDOWS /D HAVE_GCC_ATOMIC_BUILTINS /D __WINDOWS__ /D __WIN32__ /D "CMAKE_INTDIR=\"Debug\"" /D _MBCS /Gm- /RTC1 /MDd /GS /fp:precise /Zc:wchar_t /Zc:forScope /Zc:inline /Fo"cmTC_6d87d.dir\Debug\\" /Fd"cmTC_6d87d.dir\Debug\vc142.pdb" /external:env:EXTERNAL_INCLUDE /external:W3 /Gd /TC /analyze- /errorReport:queue C:\Users\Administrator\OneDrive\Dokumente\GitHub\projectX_windows\build\CMakeFiles\CMakeTmp\src.c
C:\Users\Administrator\OneDrive\Dokumente\GitHub\projectX_windows\build\CMakeFiles\CMakeTmp\src.c(7,25): warning C4013: '__sync_fetch_and_add' undefined; assuming extern returning int [C:\Users\Administrator\OneDrive\Dokumente\GitHub\projectX_windows\build\CMakeFiles\CMakeTmp\cmTC_6d87d.vcxproj]
C:\Users\Administrator\OneDrive\Dokumente\GitHub\projectX_windows\build\CMakeFiles\CMakeTmp\src.c(8,25): warning C4013: '__sync_sub_and_fetch' undefined; assuming extern returning int [C:\Users\Administrator\OneDrive\Dokumente\GitHub\projectX_windows\build\CMakeFiles\CMakeTmp\cmTC_6d87d.vcxproj]
src.obj : error LNK2019: unresolved external symbol ___sync_fetch_and_add referenced in function _main [C:\Users\Administrator\OneDrive\Dokumente\GitHub\projectX_windows\build\CMakeFiles\CMakeTmp\cmTC_6d87d.vcxproj]
src.obj : error LNK2019: unresolved external symbol ___sync_sub_and_fetch referenced in function _main [C:\Users\Administrator\OneDrive\Dokumente\GitHub\projectX_windows\build\CMakeFiles\CMakeTmp\cmTC_6d87d.vcxproj]
C:\Users\Administrator\OneDrive\Dokumente\GitHub\projectX_windows\build\CMakeFiles\CMakeTmp\Debug\cmTC_6d87d.exe : fatal error LNK1120: 2 unresolved externals [C:\Users\Administrator\OneDrive\Dokumente\GitHub\projectX_windows\build\CMakeFiles\CMakeTmp\cmTC_6d87d.vcxproj]


Source file was:


int main(int argc, char* argv[]) {
 
    unsigned int value=0;
    /* wxAtomicInc doesn't use return value here */
    __sync_fetch_and_add(&value, 2);
    __sync_sub_and_fetch(&value, 1);
    /* but wxAtomicDec does, so mimic that: */
    volatile unsigned int r2 = __sync_sub_and_fetch(&value, 1);
return 0; }
Determining if the localtime_r exist failed with the following output:
Change Dir: C:/Users/Administrator/OneDrive/Dokumente/GitHub/projectX_windows/build/CMakeFiles/CMakeTmp

Run Build Command(s):C:/Program Files (x86)/Microsoft Visual Studio/2019/Community/MSBuild/Current/Bin/MSBuild.exe cmTC_fcda9.vcxproj /p:Configuration=Debug /p:Platform=win32 /p:VisualStudioVersion=16.0 /v:m && Microsoft (R) Build Engine version 16.10.0+4242f381a for .NET Framework
Copyright (C) Microsoft Corporation. All rights reserved.

  Microsoft (R) C/C++ Optimizing Compiler Version 19.29.30037 for x86
  Copyright (C) Microsoft Corporation.  All rights reserved.
  CheckSymbolExists.c
  cl /c /Zi /W3 /WX- /diagnostics:column /MP /Od /Ob0 /Oy- /D WIN32 /D _WINDOWS /D __WINDOWS__ /D __WIN32__ /D "CMAKE_INTDIR=\"Debug\"" /D _MBCS /Gm- /RTC1 /MDd /GS /fp:precise /Zc:wchar_t /Zc:forScope /Zc:inline /Fo"cmTC_fcda9.dir\Debug\\" /Fd"cmTC_fcda9.dir\Debug\vc142.pdb" /external:env:EXTERNAL_INCLUDE /external:W3 /Gd /TC /analyze- /errorReport:queue C:\Users\Administrator\OneDrive\Dokumente\GitHub\projectX_windows\build\CMakeFiles\CMakeTmp\CheckSymbolExists.c
C:\Users\Administrator\OneDrive\Dokumente\GitHub\projectX_windows\build\CMakeFiles\CMakeTmp\CheckSymbolExists.c(8,30): error C2065: 'localtime_r': undeclared identifier [C:\Users\Administrator\OneDrive\Dokumente\GitHub\projectX_windows\build\CMakeFiles\CMakeTmp\cmTC_fcda9.vcxproj]


File C:/Users/Administrator/OneDrive/Dokumente/GitHub/projectX_windows/build/CMakeFiles/CMakeTmp/CheckSymbolExists.c:
/* */
#include <time.h>

int main(int argc, char** argv)
{
  (void)argv;
#ifndef localtime_r
  return ((int*)(&localtime_r))[argc];
#else
  (void)argc;
  return 0;
#endif
}
Determining if the gmtime_r exist failed with the following output:
Change Dir: C:/Users/Administrator/OneDrive/Dokumente/GitHub/projectX_windows/build/CMakeFiles/CMakeTmp

Run Build Command(s):C:/Program Files (x86)/Microsoft Visual Studio/2019/Community/MSBuild/Current/Bin/MSBuild.exe cmTC_7e7e5.vcxproj /p:Configuration=Debug /p:Platform=win32 /p:VisualStudioVersion=16.0 /v:m && Microsoft (R) Build Engine version 16.10.0+4242f381a for .NET Framework
Copyright (C) Microsoft Corporation. All rights reserved.

  Microsoft (R) C/C++ Optimizing Compiler Version 19.29.30037 for x86
  Copyright (C) Microsoft Corporation.  All rights reserved.
  cl /c /Zi /W3 /WX- /diagnostics:column /MP /Od /Ob0 /Oy- /D WIN32 /D _WINDOWS /D __WINDOWS__ /D __WIN32__ /D "CMAKE_INTDIR=\"Debug\"" /D _MBCS /Gm- /RTC1 /MDd /GS /fp:precise /Zc:wchar_t /Zc:forScope /Zc:inline /Fo"cmTC_7e7e5.dir\Debug\\" /Fd"cmTC_7e7e5.dir\Debug\vc142.pdb" /external:env:EXTERNAL_INCLUDE /external:W3 /Gd /TC /analyze- /errorReport:queue C:\Users\Administrator\OneDrive\Dokumente\GitHub\projectX_windows\build\CMakeFiles\CMakeTmp\CheckSymbolExists.c
  CheckSymbolExists.c
C:\Users\Administrator\OneDrive\Dokumente\GitHub\projectX_windows\build\CMakeFiles\CMakeTmp\CheckSymbolExists.c(8,27): error C2065: 'gmtime_r': undeclared identifier [C:\Users\Administrator\OneDrive\Dokumente\GitHub\projectX_windows\build\CMakeFiles\CMakeTmp\cmTC_7e7e5.vcxproj]


File C:/Users/Administrator/OneDrive/Dokumente/GitHub/projectX_windows/build/CMakeFiles/CMakeTmp/CheckSymbolExists.c:
/* */
#include <time.h>

int main(int argc, char** argv)
{
  (void)argv;
#ifndef gmtime_r
  return ((int*)(&gmtime_r))[argc];
#else
  (void)argc;
  return 0;
#endif
}
Performing C++ SOURCE FILE Test wxSIZE_T_IS_NOT_UINT failed with the following output:
Change Dir: C:/Users/Administrator/OneDrive/Dokumente/GitHub/projectX_windows/build/CMakeFiles/CMakeTmp

Run Build Command(s):C:/Program Files (x86)/Microsoft Visual Studio/2019/Community/MSBuild/Current/Bin/MSBuild.exe cmTC_db822.vcxproj /p:Configuration=Debug /p:Platform=win32 /p:VisualStudioVersion=16.0 /v:m && Microsoft (R) Build Engine version 16.10.0+4242f381a for .NET Framework
Copyright (C) Microsoft Corporation. All rights reserved.

  Microsoft (R) C/C++ Optimizing Compiler Version 19.29.30037 for x86
  Copyright (C) Microsoft Corporation.  All rights reserved.
  cl /c /Zi /W3 /WX- /diagnostics:column /MP /Od /Ob0 /Oy- /D WIN32 /D _WINDOWS /D wxSIZE_T_IS_NOT_UINT /D __WINDOWS__ /D __WIN32__ /D "CMAKE_INTDIR=\"Debug\"" /D _MBCS /Gm- /EHsc /RTC1 /MDd /GS /fp:precise /Zc:wchar_t /Zc:forScope /Zc:inline /GR /Fo"cmTC_db822.dir\Debug\\" /Fd"cmTC_db822.dir\Debug\vc142.pdb" /external:env:EXTERNAL_INCLUDE /external:W3 /Gd /TP /analyze- /errorReport:queue C:\Users\Administrator\OneDrive\Dokumente\GitHub\projectX_windows\build\CMakeFiles\CMakeTmp\src.cxx
  src.cxx
C:\Users\Administrator\OneDrive\Dokumente\GitHub\projectX_windows\build\CMakeFiles\CMakeTmp\src.cxx(7,66): error C2535: 'void Foo::foo(size_t)': member function already defined or declared [C:\Users\Administrator\OneDrive\Dokumente\GitHub\projectX_windows\build\CMakeFiles\CMakeTmp\cmTC_db822.vcxproj]
C:\Users\Administrator\OneDrive\Dokumente\GitHub\projectX_windows\build\CMakeFiles\CMakeTmp\src.cxx(7): message : see declaration of 'Foo::foo' [C:\Users\Administrator\OneDrive\Dokumente\GitHub\projectX_windows\build\CMakeFiles\CMakeTmp\cmTC_db822.vcxproj]


Source file was:
#include <stddef.h>


int main(int argc, char* argv[]) {
 return 0; }

            struct Foo { void foo(size_t); void foo(unsigned int); };

            int bar() {
return 0; }
Performing C SOURCE FILE Test HAVE_PW_GECOS failed with the following output:
Change Dir: C:/Users/Administrator/OneDrive/Dokumente/GitHub/projectX_windows/build/CMakeFiles/CMakeTmp

Run Build Command(s):C:/Program Files (x86)/Microsoft Visual Studio/2019/Community/MSBuild/Current/Bin/MSBuild.exe cmTC_0c37e.vcxproj /p:Configuration=Debug /p:Platform=win32 /p:VisualStudioVersion=16.0 /v:m && Microsoft (R) Build Engine version 16.10.0+4242f381a for .NET Framework
Copyright (C) Microsoft Corporation. All rights reserved.

  Microsoft (R) C/C++ Optimizing Compiler Version 19.29.30037 for x86
  Copyright (C) Microsoft Corporation.  All rights reserved.
  src.c
  cl /c /Zi /W3 /WX- /diagnostics:column /MP /Od /Ob0 /Oy- /D WIN32 /D _WINDOWS /D HAVE_PW_GECOS /D __WINDOWS__ /D __WIN32__ /D "CMAKE_INTDIR=\"Debug\"" /D _MBCS /Gm- /RTC1 /MDd /GS /fp:precise /Zc:wchar_t /Zc:forScope /Zc:inline /Fo"cmTC_0c37e.dir\Debug\\" /Fd"cmTC_0c37e.dir\Debug\vc142.pdb" /external:env:EXTERNAL_INCLUDE /external:W3 /Gd /TC /analyze- /errorReport:queue C:\Users\Administrator\OneDrive\Dokumente\GitHub\projectX_windows\build\CMakeFiles\CMakeTmp\src.c
C:\Users\Administrator\OneDrive\Dokumente\GitHub\projectX_windows\build\CMakeFiles\CMakeTmp\src.c(2,10): fatal error C1083: Cannot open include file: 'pwd.h': No such file or directory [C:\Users\Administrator\OneDrive\Dokumente\GitHub\projectX_windows\build\CMakeFiles\CMakeTmp\cmTC_0c37e.vcxproj]


Source file was:

#include <pwd.h>

int main()
{
  (void)sizeof(((struct passwd *)0)->pw_gecos);
  return 0;
}

Determining if the ftime exist failed with the following output:
Change Dir: C:/Users/Administrator/OneDrive/Dokumente/GitHub/projectX_windows/build/CMakeFiles/CMakeTmp

Run Build Command(s):C:/Program Files (x86)/Microsoft Visual Studio/2019/Community/MSBuild/Current/Bin/MSBuild.exe cmTC_94cfd.vcxproj /p:Configuration=Debug /p:Platform=win32 /p:VisualStudioVersion=16.0 /v:m && Microsoft (R) Build Engine version 16.10.0+4242f381a for .NET Framework
Copyright (C) Microsoft Corporation. All rights reserved.

  Microsoft (R) C/C++ Optimizing Compiler Version 19.29.30037 for x86
  Copyright (C) Microsoft Corporation.  All rights reserved.
  cl /c /Zi /W3 /WX- /diagnostics:column /MP /Od /Ob0 /Oy- /D WIN32 /D _WINDOWS /D __WINDOWS__ /D __WIN32__ /D "CMAKE_INTDIR=\"Debug\"" /D _MBCS /Gm- /RTC1 /MDd /GS /fp:precise /Zc:wchar_t /Zc:forScope /Zc:inline /Fo"cmTC_94cfd.dir\Debug\\" /Fd"cmTC_94cfd.dir\Debug\vc142.pdb" /external:env:EXTERNAL_INCLUDE /external:W3 /Gd /TC /analyze- /errorReport:queue C:\Users\Administrator\OneDrive\Dokumente\GitHub\projectX_windows\build\CMakeFiles\CMakeTmp\CheckSymbolExists.c
  CheckSymbolExists.c
C:\Users\Administrator\OneDrive\Dokumente\GitHub\projectX_windows\build\CMakeFiles\CMakeTmp\CheckSymbolExists.c(8,24): error C2065: 'ftime': undeclared identifier [C:\Users\Administrator\OneDrive\Dokumente\GitHub\projectX_windows\build\CMakeFiles\CMakeTmp\cmTC_94cfd.vcxproj]


File C:/Users/Administrator/OneDrive/Dokumente/GitHub/projectX_windows/build/CMakeFiles/CMakeTmp/CheckSymbolExists.c:
/* */
#include <wchar.h>

int main(int argc, char** argv)
{
  (void)argv;
#ifndef ftime
  return ((int*)(&ftime))[argc];
#else
  (void)argc;
  return 0;
#endif
}
Determining if the putws exist failed with the following output:
Change Dir: C:/Users/Administrator/OneDrive/Dokumente/GitHub/projectX_windows/build/CMakeFiles/CMakeTmp

Run Build Command(s):C:/Program Files (x86)/Microsoft Visual Studio/2019/Community/MSBuild/Current/Bin/MSBuild.exe cmTC_1e203.vcxproj /p:Configuration=Debug /p:Platform=win32 /p:VisualStudioVersion=16.0 /v:m && Microsoft (R) Build Engine version 16.10.0+4242f381a for .NET Framework
Copyright (C) Microsoft Corporation. All rights reserved.

  Microsoft (R) C/C++ Optimizing Compiler Version 19.29.30037 for x86
  Copyright (C) Microsoft Corporation.  All rights reserved.
  CheckSymbolExists.c
  cl /c /Zi /W3 /WX- /diagnostics:column /MP /Od /Ob0 /Oy- /D WIN32 /D _WINDOWS /D __WINDOWS__ /D __WIN32__ /D "CMAKE_INTDIR=\"Debug\"" /D _MBCS /Gm- /RTC1 /MDd /GS /fp:precise /Zc:wchar_t /Zc:forScope /Zc:inline /Fo"cmTC_1e203.dir\Debug\\" /Fd"cmTC_1e203.dir\Debug\vc142.pdb" /external:env:EXTERNAL_INCLUDE /external:W3 /Gd /TC /analyze- /errorReport:queue C:\Users\Administrator\OneDrive\Dokumente\GitHub\projectX_windows\build\CMakeFiles\CMakeTmp\CheckSymbolExists.c
C:\Users\Administrator\OneDrive\Dokumente\GitHub\projectX_windows\build\CMakeFiles\CMakeTmp\CheckSymbolExists.c(8,24): error C2065: 'putws': undeclared identifier [C:\Users\Administrator\OneDrive\Dokumente\GitHub\projectX_windows\build\CMakeFiles\CMakeTmp\cmTC_1e203.vcxproj]


File C:/Users/Administrator/OneDrive/Dokumente/GitHub/projectX_windows/build/CMakeFiles/CMakeTmp/CheckSymbolExists.c:
/* */
#include <wchar.h>

int main(int argc, char** argv)
{
  (void)argv;
#ifndef putws
  return ((int*)(&putws))[argc];
#else
  (void)argc;
  return 0;
#endif
}
Determining if the wcscasecmp exist failed with the following output:
Change Dir: C:/Users/Administrator/OneDrive/Dokumente/GitHub/projectX_windows/build/CMakeFiles/CMakeTmp

Run Build Command(s):C:/Program Files (x86)/Microsoft Visual Studio/2019/Community/MSBuild/Current/Bin/MSBuild.exe cmTC_ebb67.vcxproj /p:Configuration=Debug /p:Platform=win32 /p:VisualStudioVersion=16.0 /v:m && Microsoft (R) Build Engine version 16.10.0+4242f381a for .NET Framework
Copyright (C) Microsoft Corporation. All rights reserved.

  Microsoft (R) C/C++ Optimizing Compiler Version 19.29.30037 for x86
  Copyright (C) Microsoft Corporation.  All rights reserved.
  CheckSymbolExists.c
  cl /c /Zi /W3 /WX- /diagnostics:column /MP /Od /Ob0 /Oy- /D WIN32 /D _WINDOWS /D __WINDOWS__ /D __WIN32__ /D "CMAKE_INTDIR=\"Debug\"" /D _MBCS /Gm- /RTC1 /MDd /GS /fp:precise /Zc:wchar_t /Zc:forScope /Zc:inline /Fo"cmTC_ebb67.dir\Debug\\" /Fd"cmTC_ebb67.dir\Debug\vc142.pdb" /external:env:EXTERNAL_INCLUDE /external:W3 /Gd /TC /analyze- /errorReport:queue C:\Users\Administrator\OneDrive\Dokumente\GitHub\projectX_windows\build\CMakeFiles\CMakeTmp\CheckSymbolExists.c
C:\Users\Administrator\OneDrive\Dokumente\GitHub\projectX_windows\build\CMakeFiles\CMakeTmp\CheckSymbolExists.c(8,29): error C2065: 'wcscasecmp': undeclared identifier [C:\Users\Administrator\OneDrive\Dokumente\GitHub\projectX_windows\build\CMakeFiles\CMakeTmp\cmTC_ebb67.vcxproj]


File C:/Users/Administrator/OneDrive/Dokumente/GitHub/projectX_windows/build/CMakeFiles/CMakeTmp/CheckSymbolExists.c:
/* */
#include <wchar.h>

int main(int argc, char** argv)
{
  (void)argv;
#ifndef wcscasecmp
  return ((int*)(&wcscasecmp))[argc];
#else
  (void)argc;
  return 0;
#endif
}
Determining if the wcsncasecmp exist failed with the following output:
Change Dir: C:/Users/Administrator/OneDrive/Dokumente/GitHub/projectX_windows/build/CMakeFiles/CMakeTmp

Run Build Command(s):C:/Program Files (x86)/Microsoft Visual Studio/2019/Community/MSBuild/Current/Bin/MSBuild.exe cmTC_cfe86.vcxproj /p:Configuration=Debug /p:Platform=win32 /p:VisualStudioVersion=16.0 /v:m && Microsoft (R) Build Engine version 16.10.0+4242f381a for .NET Framework
Copyright (C) Microsoft Corporation. All rights reserved.

  Microsoft (R) C/C++ Optimizing Compiler Version 19.29.30037 for x86
  Copyright (C) Microsoft Corporation.  All rights reserved.
  CheckSymbolExists.c
  cl /c /Zi /W3 /WX- /diagnostics:column /MP /Od /Ob0 /Oy- /D WIN32 /D _WINDOWS /D __WINDOWS__ /D __WIN32__ /D "CMAKE_INTDIR=\"Debug\"" /D _MBCS /Gm- /RTC1 /MDd /GS /fp:precise /Zc:wchar_t /Zc:forScope /Zc:inline /Fo"cmTC_cfe86.dir\Debug\\" /Fd"cmTC_cfe86.dir\Debug\vc142.pdb" /external:env:EXTERNAL_INCLUDE /external:W3 /Gd /TC /analyze- /errorReport:queue C:\Users\Administrator\OneDrive\Dokumente\GitHub\projectX_windows\build\CMakeFiles\CMakeTmp\CheckSymbolExists.c
C:\Users\Administrator\OneDrive\Dokumente\GitHub\projectX_windows\build\CMakeFiles\CMakeTmp\CheckSymbolExists.c(8,30): error C2065: 'wcsncasecmp': undeclared identifier [C:\Users\Administrator\OneDrive\Dokumente\GitHub\projectX_windows\build\CMakeFiles\CMakeTmp\cmTC_cfe86.vcxproj]


File C:/Users/Administrator/OneDrive/Dokumente/GitHub/projectX_windows/build/CMakeFiles/CMakeTmp/CheckSymbolExists.c:
/* */
#include <wchar.h>

int main(int argc, char** argv)
{
  (void)argv;
#ifndef wcsncasecmp
  return ((int*)(&wcsncasecmp))[argc];
#else
  (void)argc;
  return 0;
#endif
}
Determining if the wcsrctombs exist failed with the following output:
Change Dir: C:/Users/Administrator/OneDrive/Dokumente/GitHub/projectX_windows/build/CMakeFiles/CMakeTmp

Run Build Command(s):C:/Program Files (x86)/Microsoft Visual Studio/2019/Community/MSBuild/Current/Bin/MSBuild.exe cmTC_f6853.vcxproj /p:Configuration=Debug /p:Platform=win32 /p:VisualStudioVersion=16.0 /v:m && Microsoft (R) Build Engine version 16.10.0+4242f381a for .NET Framework
Copyright (C) Microsoft Corporation. All rights reserved.

  Microsoft (R) C/C++ Optimizing Compiler Version 19.29.30037 for x86
  Copyright (C) Microsoft Corporation.  All rights reserved.
  CheckSymbolExists.c
  cl /c /Zi /W3 /WX- /diagnostics:column /MP /Od /Ob0 /Oy- /D WIN32 /D _WINDOWS /D __WINDOWS__ /D __WIN32__ /D "CMAKE_INTDIR=\"Debug\"" /D _MBCS /Gm- /RTC1 /MDd /GS /fp:precise /Zc:wchar_t /Zc:forScope /Zc:inline /Fo"cmTC_f6853.dir\Debug\\" /Fd"cmTC_f6853.dir\Debug\vc142.pdb" /external:env:EXTERNAL_INCLUDE /external:W3 /Gd /TC /analyze- /errorReport:queue C:\Users\Administrator\OneDrive\Dokumente\GitHub\projectX_windows\build\CMakeFiles\CMakeTmp\CheckSymbolExists.c
C:\Users\Administrator\OneDrive\Dokumente\GitHub\projectX_windows\build\CMakeFiles\CMakeTmp\CheckSymbolExists.c(8,29): error C2065: 'wcsrctombs': undeclared identifier [C:\Users\Administrator\OneDrive\Dokumente\GitHub\projectX_windows\build\CMakeFiles\CMakeTmp\cmTC_f6853.vcxproj]


File C:/Users/Administrator/OneDrive/Dokumente/GitHub/projectX_windows/build/CMakeFiles/CMakeTmp/CheckSymbolExists.c:
/* */
#include <wchar.h>

int main(int argc, char** argv)
{
  (void)argv;
#ifndef wcsrctombs
  return ((int*)(&wcsrctombs))[argc];
#else
  (void)argc;
  return 0;
#endif
}
Determining if the function fsync exists failed with the following output:
Change Dir: C:/Users/Administrator/OneDrive/Dokumente/GitHub/projectX_windows/build/CMakeFiles/CMakeTmp

Run Build Command(s):C:/Program Files (x86)/Microsoft Visual Studio/2019/Community/MSBuild/Current/Bin/MSBuild.exe cmTC_a4cb8.vcxproj /p:Configuration=Debug /p:Platform=win32 /p:VisualStudioVersion=16.0 /v:m && Microsoft (R) Build Engine version 16.10.0+4242f381a for .NET Framework
Copyright (C) Microsoft Corporation. All rights reserved.

  Microsoft (R) C/C++ Optimizing Compiler Version 19.29.30037 for x86
  Copyright (C) Microsoft Corporation.  All rights reserved.
  CheckFunctionExists.c
  cl /c /Zi /W3 /WX- /diagnostics:column /MP /Od /Ob0 /Oy- /D WIN32 /D _WINDOWS /D CHECK_FUNCTION_EXISTS=fsync /D __WINDOWS__ /D __WIN32__ /D "CMAKE_INTDIR=\"Debug\"" /D _MBCS /Gm- /RTC1 /MDd /GS /fp:precise /Zc:wchar_t /Zc:forScope /Zc:inline /Fo"cmTC_a4cb8.dir\Debug\\" /Fd"cmTC_a4cb8.dir\Debug\vc142.pdb" /external:env:EXTERNAL_INCLUDE /external:W3 /Gd /TC /analyze- /errorReport:queue "C:\Program Files\CMake\share\cmake-3.20\Modules\CheckFunctionExists.c"
CheckFunctionExists.obj : error LNK2019: unresolved external symbol _fsync referenced in function _main [C:\Users\Administrator\OneDrive\Dokumente\GitHub\projectX_windows\build\CMakeFiles\CMakeTmp\cmTC_a4cb8.vcxproj]
C:\Users\Administrator\OneDrive\Dokumente\GitHub\projectX_windows\build\CMakeFiles\CMakeTmp\Debug\cmTC_a4cb8.exe : fatal error LNK1120: 1 unresolved externals [C:\Users\Administrator\OneDrive\Dokumente\GitHub\projectX_windows\build\CMakeFiles\CMakeTmp\cmTC_a4cb8.vcxproj]



Determining if the function snprintf exists failed with the following output:
Change Dir: C:/Users/Administrator/OneDrive/Dokumente/GitHub/projectX_windows/build/CMakeFiles/CMakeTmp

Run Build Command(s):C:/Program Files (x86)/Microsoft Visual Studio/2019/Community/MSBuild/Current/Bin/MSBuild.exe cmTC_b2dd7.vcxproj /p:Configuration=Debug /p:Platform=win32 /p:VisualStudioVersion=16.0 /v:m && Microsoft (R) Build Engine version 16.10.0+4242f381a for .NET Framework
Copyright (C) Microsoft Corporation. All rights reserved.

  Microsoft (R) C/C++ Optimizing Compiler Version 19.29.30037 for x86
  Copyright (C) Microsoft Corporation.  All rights reserved.
  CheckFunctionExists.c
  cl /c /Zi /W3 /WX- /diagnostics:column /MP /Od /Ob0 /Oy- /D WIN32 /D _WINDOWS /D CHECK_FUNCTION_EXISTS=snprintf /D __WINDOWS__ /D __WIN32__ /D "CMAKE_INTDIR=\"Debug\"" /D _MBCS /Gm- /RTC1 /MDd /GS /fp:precise /Zc:wchar_t /Zc:forScope /Zc:inline /Fo"cmTC_b2dd7.dir\Debug\\" /Fd"cmTC_b2dd7.dir\Debug\vc142.pdb" /external:env:EXTERNAL_INCLUDE /external:W3 /Gd /TC /analyze- /errorReport:queue "C:\Program Files\CMake\share\cmake-3.20\Modules\CheckFunctionExists.c"
CheckFunctionExists.obj : error LNK2019: unresolved external symbol _snprintf referenced in function _main [C:\Users\Administrator\OneDrive\Dokumente\GitHub\projectX_windows\build\CMakeFiles\CMakeTmp\cmTC_b2dd7.vcxproj]
C:\Users\Administrator\OneDrive\Dokumente\GitHub\projectX_windows\build\CMakeFiles\CMakeTmp\Debug\cmTC_b2dd7.exe : fatal error LNK1120: 1 unresolved externals [C:\Users\Administrator\OneDrive\Dokumente\GitHub\projectX_windows\build\CMakeFiles\CMakeTmp\cmTC_b2dd7.vcxproj]



Determining if the function vsnprintf exists failed with the following output:
Change Dir: C:/Users/Administrator/OneDrive/Dokumente/GitHub/projectX_windows/build/CMakeFiles/CMakeTmp

Run Build Command(s):C:/Program Files (x86)/Microsoft Visual Studio/2019/Community/MSBuild/Current/Bin/MSBuild.exe cmTC_00094.vcxproj /p:Configuration=Debug /p:Platform=win32 /p:VisualStudioVersion=16.0 /v:m && Microsoft (R) Build Engine version 16.10.0+4242f381a for .NET Framework
Copyright (C) Microsoft Corporation. All rights reserved.

  Microsoft (R) C/C++ Optimizing Compiler Version 19.29.30037 for x86
  Copyright (C) Microsoft Corporation.  All rights reserved.
  CheckFunctionExists.c
  cl /c /Zi /W3 /WX- /diagnostics:column /MP /Od /Ob0 /Oy- /D WIN32 /D _WINDOWS /D CHECK_FUNCTION_EXISTS=vsnprintf /D __WINDOWS__ /D __WIN32__ /D "CMAKE_INTDIR=\"Debug\"" /D _MBCS /Gm- /RTC1 /MDd /GS /fp:precise /Zc:wchar_t /Zc:forScope /Zc:inline /Fo"cmTC_00094.dir\Debug\\" /Fd"cmTC_00094.dir\Debug\vc142.pdb" /external:env:EXTERNAL_INCLUDE /external:W3 /Gd /TC /analyze- /errorReport:queue "C:\Program Files\CMake\share\cmake-3.20\Modules\CheckFunctionExists.c"
CheckFunctionExists.obj : error LNK2019: unresolved external symbol _vsnprintf referenced in function _main [C:\Users\Administrator\OneDrive\Dokumente\GitHub\projectX_windows\build\CMakeFiles\CMakeTmp\cmTC_00094.vcxproj]
MSVCRTD.lib(vsnprintf.obj) : error LNK2001: unresolved external symbol _vsnprintf [C:\Users\Administrator\OneDrive\Dokumente\GitHub\projectX_windows\build\CMakeFiles\CMakeTmp\cmTC_00094.vcxproj]
MSVCRTD.lib(vsnprintf.obj) : error LNK2001: unresolved external symbol __vsnprintf [C:\Users\Administrator\OneDrive\Dokumente\GitHub\projectX_windows\build\CMakeFiles\CMakeTmp\cmTC_00094.vcxproj]
C:\Users\Administrator\OneDrive\Dokumente\GitHub\projectX_windows\build\CMakeFiles\CMakeTmp\Debug\cmTC_00094.exe : fatal error LNK1120: 2 unresolved externals [C:\Users\Administrator\OneDrive\Dokumente\GitHub\projectX_windows\build\CMakeFiles\CMakeTmp\cmTC_00094.vcxproj]



Determining if the function setpriority exists failed with the following output:
Change Dir: C:/Users/Administrator/OneDrive/Dokumente/GitHub/projectX_windows/build/CMakeFiles/CMakeTmp

Run Build Command(s):C:/Program Files (x86)/Microsoft Visual Studio/2019/Community/MSBuild/Current/Bin/MSBuild.exe cmTC_6eeda.vcxproj /p:Configuration=Debug /p:Platform=win32 /p:VisualStudioVersion=16.0 /v:m && Microsoft (R) Build Engine version 16.10.0+4242f381a for .NET Framework
Copyright (C) Microsoft Corporation. All rights reserved.

  Microsoft (R) C/C++ Optimizing Compiler Version 19.29.30037 for x86
  Copyright (C) Microsoft Corporation.  All rights reserved.
  CheckFunctionExists.c
  cl /c /Zi /W3 /WX- /diagnostics:column /MP /Od /Ob0 /Oy- /D WIN32 /D _WINDOWS /D CHECK_FUNCTION_EXISTS=setpriority /D __WINDOWS__ /D __WIN32__ /D "CMAKE_INTDIR=\"Debug\"" /D _MBCS /Gm- /RTC1 /MDd /GS /fp:precise /Zc:wchar_t /Zc:forScope /Zc:inline /Fo"cmTC_6eeda.dir\Debug\\" /Fd"cmTC_6eeda.dir\Debug\vc142.pdb" /external:env:EXTERNAL_INCLUDE /external:W3 /Gd /TC /analyze- /errorReport:queue "C:\Program Files\CMake\share\cmake-3.20\Modules\CheckFunctionExists.c"
CheckFunctionExists.obj : error LNK2019: unresolved external symbol _setpriority referenced in function _main [C:\Users\Administrator\OneDrive\Dokumente\GitHub\projectX_windows\build\CMakeFiles\CMakeTmp\cmTC_6eeda.vcxproj]
C:\Users\Administrator\OneDrive\Dokumente\GitHub\projectX_windows\build\CMakeFiles\CMakeTmp\Debug\cmTC_6eeda.exe : fatal error LNK1120: 1 unresolved externals [C:\Users\Administrator\OneDrive\Dokumente\GitHub\projectX_windows\build\CMakeFiles\CMakeTmp\cmTC_6eeda.vcxproj]



Determining if the function gettimeofday exists failed with the following output:
Change Dir: C:/Users/Administrator/OneDrive/Dokumente/GitHub/projectX_windows/build/CMakeFiles/CMakeTmp

Run Build Command(s):C:/Program Files (x86)/Microsoft Visual Studio/2019/Community/MSBuild/Current/Bin/MSBuild.exe cmTC_d227c.vcxproj /p:Configuration=Debug /p:Platform=win32 /p:VisualStudioVersion=16.0 /v:m && Microsoft (R) Build Engine version 16.10.0+4242f381a for .NET Framework
Copyright (C) Microsoft Corporation. All rights reserved.

  Microsoft (R) C/C++ Optimizing Compiler Version 19.29.30037 for x86
  Copyright (C) Microsoft Corporation.  All rights reserved.
  cl /c /Zi /W3 /WX- /diagnostics:column /MP /Od /Ob0 /Oy- /D WIN32 /D _WINDOWS /D CHECK_FUNCTION_EXISTS=gettimeofday /D __WINDOWS__ /D __WIN32__ /D "CMAKE_INTDIR=\"Debug\"" /D _MBCS /Gm- /RTC1 /MDd /GS /fp:precise /Zc:wchar_t /Zc:forScope /Zc:inline /Fo"cmTC_d227c.dir\Debug\\" /Fd"cmTC_d227c.dir\Debug\vc142.pdb" /external:env:EXTERNAL_INCLUDE /external:W3 /Gd /TC /analyze- /errorReport:queue "C:\Program Files\CMake\share\cmake-3.20\Modules\CheckFunctionExists.c"
  CheckFunctionExists.c
CheckFunctionExists.obj : error LNK2019: unresolved external symbol _gettimeofday referenced in function _main [C:\Users\Administrator\OneDrive\Dokumente\GitHub\projectX_windows\build\CMakeFiles\CMakeTmp\cmTC_d227c.vcxproj]
C:\Users\Administrator\OneDrive\Dokumente\GitHub\projectX_windows\build\CMakeFiles\CMakeTmp\Debug\cmTC_d227c.exe : fatal error LNK1120: 1 unresolved externals [C:\Users\Administrator\OneDrive\Dokumente\GitHub\projectX_windows\build\CMakeFiles\CMakeTmp\cmTC_d227c.vcxproj]



Determining if the include file tr1/type_traits exists failed with the following output:
Change Dir: C:/Users/Administrator/OneDrive/Dokumente/GitHub/projectX_windows/build/CMakeFiles/CMakeTmp

Run Build Command(s):C:/Program Files (x86)/Microsoft Visual Studio/2019/Community/MSBuild/Current/Bin/MSBuild.exe cmTC_c938b.vcxproj /p:Configuration=Debug /p:Platform=win32 /p:VisualStudioVersion=16.0 /v:m && Microsoft (R) Build Engine version 16.10.0+4242f381a for .NET Framework
Copyright (C) Microsoft Corporation. All rights reserved.

  Microsoft (R) C/C++ Optimizing Compiler Version 19.29.30037 for x86
  Copyright (C) Microsoft Corporation.  All rights reserved.
  CheckIncludeFile.cxx
  cl /c /Zi /W3 /WX- /diagnostics:column /MP /Od /Ob0 /Oy- /D WIN32 /D _WINDOWS /D __WINDOWS__ /D __WIN32__ /D "CMAKE_INTDIR=\"Debug\"" /D _MBCS /Gm- /EHsc /RTC1 /MDd /GS /fp:precise /Zc:wchar_t /Zc:forScope /Zc:inline /GR /Fo"cmTC_c938b.dir\Debug\\" /Fd"cmTC_c938b.dir\Debug\vc142.pdb" /external:env:EXTERNAL_INCLUDE /external:W3 /Gd /TP /analyze- /errorReport:queue C:\Users\Administrator\OneDrive\Dokumente\GitHub\projectX_windows\build\CMakeFiles\CMakeTmp\CheckIncludeFile.cxx
C:\Users\Administrator\OneDrive\Dokumente\GitHub\projectX_windows\build\CMakeFiles\CMakeTmp\CheckIncludeFile.cxx(1,10): fatal error C1083: Cannot open include file: 'tr1/type_traits': No such file or directory [C:\Users\Administrator\OneDrive\Dokumente\GitHub\projectX_windows\build\CMakeFiles\CMakeTmp\cmTC_c938b.vcxproj]



Determining if the include file langinfo.h exists failed with the following output:
Change Dir: C:/Users/Administrator/OneDrive/Dokumente/GitHub/projectX_windows/build/CMakeFiles/CMakeTmp

Run Build Command(s):C:/Program Files (x86)/Microsoft Visual Studio/2019/Community/MSBuild/Current/Bin/MSBuild.exe cmTC_1e07b.vcxproj /p:Configuration=Debug /p:Platform=win32 /p:VisualStudioVersion=16.0 /v:m && Microsoft (R) Build Engine version 16.10.0+4242f381a for .NET Framework
Copyright (C) Microsoft Corporation. All rights reserved.

  Microsoft (R) C/C++ Optimizing Compiler Version 19.29.30037 for x86
  Copyright (C) Microsoft Corporation.  All rights reserved.
  CheckIncludeFile.c
  cl /c /Zi /W3 /WX- /diagnostics:column /MP /Od /Ob0 /Oy- /D WIN32 /D _WINDOWS /D __WINDOWS__ /D __WIN32__ /D "CMAKE_INTDIR=\"Debug\"" /D _MBCS /Gm- /RTC1 /MDd /GS /fp:precise /Zc:wchar_t /Zc:forScope /Zc:inline /Fo"cmTC_1e07b.dir\Debug\\" /Fd"cmTC_1e07b.dir\Debug\vc142.pdb" /external:env:EXTERNAL_INCLUDE /external:W3 /Gd /TC /analyze- /errorReport:queue C:\Users\Administrator\OneDrive\Dokumente\GitHub\projectX_windows\build\CMakeFiles\CMakeTmp\CheckIncludeFile.c
C:\Users\Administrator\OneDrive\Dokumente\GitHub\projectX_windows\build\CMakeFiles\CMakeTmp\CheckIncludeFile.c(1,10): fatal error C1083: Cannot open include file: 'langinfo.h': No such file or directory [C:\Users\Administrator\OneDrive\Dokumente\GitHub\projectX_windows\build\CMakeFiles\CMakeTmp\cmTC_1e07b.vcxproj]



Determining if the include file sched.h exists failed with the following output:
Change Dir: C:/Users/Administrator/OneDrive/Dokumente/GitHub/projectX_windows/build/CMakeFiles/CMakeTmp

Run Build Command(s):C:/Program Files (x86)/Microsoft Visual Studio/2019/Community/MSBuild/Current/Bin/MSBuild.exe cmTC_93314.vcxproj /p:Configuration=Debug /p:Platform=win32 /p:VisualStudioVersion=16.0 /v:m && Microsoft (R) Build Engine version 16.10.0+4242f381a for .NET Framework
Copyright (C) Microsoft Corporation. All rights reserved.

  Microsoft (R) C/C++ Optimizing Compiler Version 19.29.30037 for x86
  Copyright (C) Microsoft Corporation.  All rights reserved.
  cl /c /Zi /W3 /WX- /diagnostics:column /MP /Od /Ob0 /Oy- /D WIN32 /D _WINDOWS /D __WINDOWS__ /D __WIN32__ /D "CMAKE_INTDIR=\"Debug\"" /D _MBCS /Gm- /RTC1 /MDd /GS /fp:precise /Zc:wchar_t /Zc:forScope /Zc:inline /Fo"cmTC_93314.dir\Debug\\" /Fd"cmTC_93314.dir\Debug\vc142.pdb" /external:env:EXTERNAL_INCLUDE /external:W3 /Gd /TC /analyze- /errorReport:queue C:\Users\Administrator\OneDrive\Dokumente\GitHub\projectX_windows\build\CMakeFiles\CMakeTmp\CheckIncludeFile.c
  CheckIncludeFile.c
C:\Users\Administrator\OneDrive\Dokumente\GitHub\projectX_windows\build\CMakeFiles\CMakeTmp\CheckIncludeFile.c(1,10): fatal error C1083: Cannot open include file: 'sched.h': No such file or directory [C:\Users\Administrator\OneDrive\Dokumente\GitHub\projectX_windows\build\CMakeFiles\CMakeTmp\cmTC_93314.vcxproj]



Determining if the include file unistd.h exists failed with the following output:
Change Dir: C:/Users/Administrator/OneDrive/Dokumente/GitHub/projectX_windows/build/CMakeFiles/CMakeTmp

Run Build Command(s):C:/Program Files (x86)/Microsoft Visual Studio/2019/Community/MSBuild/Current/Bin/MSBuild.exe cmTC_28906.vcxproj /p:Configuration=Debug /p:Platform=win32 /p:VisualStudioVersion=16.0 /v:m && Microsoft (R) Build Engine version 16.10.0+4242f381a for .NET Framework
Copyright (C) Microsoft Corporation. All rights reserved.

  Microsoft (R) C/C++ Optimizing Compiler Version 19.29.30037 for x86
  Copyright (C) Microsoft Corporation.  All rights reserved.
  cl /c /Zi /W3 /WX- /diagnostics:column /MP /Od /Ob0 /Oy- /D WIN32 /D _WINDOWS /D __WINDOWS__ /D __WIN32__ /D "CMAKE_INTDIR=\"Debug\"" /D _MBCS /Gm- /RTC1 /MDd /GS /fp:precise /Zc:wchar_t /Zc:forScope /Zc:inline /Fo"cmTC_28906.dir\Debug\\" /Fd"cmTC_28906.dir\Debug\vc142.pdb" /external:env:EXTERNAL_INCLUDE /external:W3 /Gd /TC /analyze- /errorReport:queue C:\Users\Administrator\OneDrive\Dokumente\GitHub\projectX_windows\build\CMakeFiles\CMakeTmp\CheckIncludeFile.c
  CheckIncludeFile.c
C:\Users\Administrator\OneDrive\Dokumente\GitHub\projectX_windows\build\CMakeFiles\CMakeTmp\CheckIncludeFile.c(1,10): fatal error C1083: Cannot open include file: 'unistd.h': No such file or directory [C:\Users\Administrator\OneDrive\Dokumente\GitHub\projectX_windows\build\CMakeFiles\CMakeTmp\cmTC_28906.vcxproj]



Determining if the include file wcstr.h exists failed with the following output:
Change Dir: C:/Users/Administrator/OneDrive/Dokumente/GitHub/projectX_windows/build/CMakeFiles/CMakeTmp

Run Build Command(s):C:/Program Files (x86)/Microsoft Visual Studio/2019/Community/MSBuild/Current/Bin/MSBuild.exe cmTC_3436f.vcxproj /p:Configuration=Debug /p:Platform=win32 /p:VisualStudioVersion=16.0 /v:m && Microsoft (R) Build Engine version 16.10.0+4242f381a for .NET Framework
Copyright (C) Microsoft Corporation. All rights reserved.

  Microsoft (R) C/C++ Optimizing Compiler Version 19.29.30037 for x86
  CheckIncludeFile.c
  Copyright (C) Microsoft Corporation.  All rights reserved.
  cl /c /Zi /W3 /WX- /diagnostics:column /MP /Od /Ob0 /Oy- /D WIN32 /D _WINDOWS /D __WINDOWS__ /D __WIN32__ /D "CMAKE_INTDIR=\"Debug\"" /D _MBCS /Gm- /RTC1 /MDd /GS /fp:precise /Zc:wchar_t /Zc:forScope /Zc:inline /Fo"cmTC_3436f.dir\Debug\\" /Fd"cmTC_3436f.dir\Debug\vc142.pdb" /external:env:EXTERNAL_INCLUDE /external:W3 /Gd /TC /analyze- /errorReport:queue C:\Users\Administrator\OneDrive\Dokumente\GitHub\projectX_windows\build\CMakeFiles\CMakeTmp\CheckIncludeFile.c
C:\Users\Administrator\OneDrive\Dokumente\GitHub\projectX_windows\build\CMakeFiles\CMakeTmp\CheckIncludeFile.c(1,10): fatal error C1083: Cannot open include file: 'wcstr.h': No such file or directory [C:\Users\Administrator\OneDrive\Dokumente\GitHub\projectX_windows\build\CMakeFiles\CMakeTmp\cmTC_3436f.vcxproj]



Performing C++ SOURCE FILE Test wxTEST_TZ_timezone failed with the following output:
Change Dir: C:/Users/Administrator/OneDrive/Dokumente/GitHub/projectX_windows/build/CMakeFiles/CMakeTmp

Run Build Command(s):C:/Program Files (x86)/Microsoft Visual Studio/2019/Community/MSBuild/Current/Bin/MSBuild.exe cmTC_82bcd.vcxproj /p:Configuration=Debug /p:Platform=win32 /p:VisualStudioVersion=16.0 /v:m && Microsoft (R) Build Engine version 16.10.0+4242f381a for .NET Framework
Copyright (C) Microsoft Corporation. All rights reserved.

  Microsoft (R) C/C++ Optimizing Compiler Version 19.29.30037 for x86
  Copyright (C) Microsoft Corporation.  All rights reserved.
  src.cxx
  cl /c /Zi /W3 /WX- /diagnostics:column /MP /Od /Ob0 /Oy- /D WIN32 /D _WINDOWS /D wxTEST_TZ_timezone /D __WINDOWS__ /D __WIN32__ /D "CMAKE_INTDIR=\"Debug\"" /D _MBCS /Gm- /EHsc /RTC1 /MDd /GS /fp:precise /Zc:wchar_t /Zc:forScope /Zc:inline /GR /Fo"cmTC_82bcd.dir\Debug\\" /Fd"cmTC_82bcd.dir\Debug\vc142.pdb" /external:env:EXTERNAL_INCLUDE /external:W3 /Gd /TP /analyze- /errorReport:queue C:\Users\Administrator\OneDrive\Dokumente\GitHub\projectX_windows\build\CMakeFiles\CMakeTmp\src.cxx
C:\Users\Administrator\OneDrive\Dokumente\GitHub\projectX_windows\build\CMakeFiles\CMakeTmp\src.cxx(7,18): error C2065: 'timezone': undeclared identifier [C:\Users\Administrator\OneDrive\Dokumente\GitHub\projectX_windows\build\CMakeFiles\CMakeTmp\cmTC_82bcd.vcxproj]


Source file was:
#include <time.h>


int main(int argc, char* argv[]) {
 
            int tz;
            tz = timezone;
return 0; }
Performing C SOURCE FILE Test WX_GMTOFF_IN_TM failed with the following output:
Change Dir: C:/Users/Administrator/OneDrive/Dokumente/GitHub/projectX_windows/build/CMakeFiles/CMakeTmp

Run Build Command(s):C:/Program Files (x86)/Microsoft Visual Studio/2019/Community/MSBuild/Current/Bin/MSBuild.exe cmTC_e9d3e.vcxproj /p:Configuration=Debug /p:Platform=win32 /p:VisualStudioVersion=16.0 /v:m && Microsoft (R) Build Engine version 16.10.0+4242f381a for .NET Framework
Copyright (C) Microsoft Corporation. All rights reserved.

  Microsoft (R) C/C++ Optimizing Compiler Version 19.29.30037 for x86
  src.c
  Copyright (C) Microsoft Corporation.  All rights reserved.
  cl /c /Zi /W3 /WX- /diagnostics:column /MP /Od /Ob0 /Oy- /D WIN32 /D _WINDOWS /D WX_GMTOFF_IN_TM /D __WINDOWS__ /D __WIN32__ /D "CMAKE_INTDIR=\"Debug\"" /D _MBCS /Gm- /RTC1 /MDd /GS /fp:precise /Zc:wchar_t /Zc:forScope /Zc:inline /Fo"cmTC_e9d3e.dir\Debug\\" /Fd"cmTC_e9d3e.dir\Debug\vc142.pdb" /external:env:EXTERNAL_INCLUDE /external:W3 /Gd /TC /analyze- /errorReport:queue C:\Users\Administrator\OneDrive\Dokumente\GitHub\projectX_windows\build\CMakeFiles\CMakeTmp\src.c
C:\Users\Administrator\OneDrive\Dokumente\GitHub\projectX_windows\build\CMakeFiles\CMakeTmp\src.c(6,34): error C2039: 'tm_gmtoff': is not a member of 'tm' [C:\Users\Administrator\OneDrive\Dokumente\GitHub\projectX_windows\build\CMakeFiles\CMakeTmp\cmTC_e9d3e.vcxproj]
C:\Program Files (x86)\Windows Kits\10\Include\10.0.19041.0\ucrt\corecrt_wtime.h(26): message : see declaration of 'tm' [C:\Users\Administrator\OneDrive\Dokumente\GitHub\projectX_windows\build\CMakeFiles\CMakeTmp\cmTC_e9d3e.vcxproj]


Source file was:

#include <time.h>

int main()
{
  (void)sizeof(((struct tm *)0)->tm_gmtoff);
  return 0;
}

Determining if the dlopen exist failed with the following output:
Change Dir: C:/Users/Administrator/OneDrive/Dokumente/GitHub/projectX_windows/build/CMakeFiles/CMakeTmp

Run Build Command(s):C:/Program Files (x86)/Microsoft Visual Studio/2019/Community/MSBuild/Current/Bin/MSBuild.exe cmTC_fcc98.vcxproj /p:Configuration=Debug /p:Platform=win32 /p:VisualStudioVersion=16.0 /v:m && Microsoft (R) Build Engine version 16.10.0+4242f381a for .NET Framework
Copyright (C) Microsoft Corporation. All rights reserved.

  Microsoft (R) C/C++ Optimizing Compiler Version 19.29.30037 for x86
  Copyright (C) Microsoft Corporation.  All rights reserved.
  cl /c /Zi /W3 /WX- /diagnostics:column /MP /Od /Ob0 /Oy- /D WIN32 /D _WINDOWS /D "CMAKE_INTDIR=\"Debug\"" /D _MBCS /Gm- /RTC1 /MDd /GS /fp:precise /Zc:wchar_t /Zc:forScope /Zc:inline /Fo"cmTC_fcc98.dir\Debug\\" /Fd"cmTC_fcc98.dir\Debug\vc142.pdb" /external:env:EXTERNAL_INCLUDE /external:W3 /Gd /TC /analyze- /errorReport:queue C:\Users\Administrator\OneDrive\Dokumente\GitHub\projectX_windows\build\CMakeFiles\CMakeTmp\CheckSymbolExists.c
  CheckSymbolExists.c
C:\Users\Administrator\OneDrive\Dokumente\GitHub\projectX_windows\build\CMakeFiles\CMakeTmp\CheckSymbolExists.c(2,10): fatal error C1083: Cannot open include file: 'dlfcn.h': No such file or directory [C:\Users\Administrator\OneDrive\Dokumente\GitHub\projectX_windows\build\CMakeFiles\CMakeTmp\cmTC_fcc98.vcxproj]


File C:/Users/Administrator/OneDrive/Dokumente/GitHub/projectX_windows/build/CMakeFiles/CMakeTmp/CheckSymbolExists.c:
/* */
#include <dlfcn.h>

int main(int argc, char** argv)
{
  (void)argv;
#ifndef dlopen
  return ((int*)(&dlopen))[argc];
#else
  (void)argc;
  return 0;
#endif
}
Determining if the include file sys/epoll.h exists failed with the following output:
Change Dir: C:/Users/Administrator/OneDrive/Dokumente/GitHub/projectX_windows/build/CMakeFiles/CMakeTmp

Run Build Command(s):C:/Program Files (x86)/Microsoft Visual Studio/2019/Community/MSBuild/Current/Bin/MSBuild.exe cmTC_09a31.vcxproj /p:Configuration=Debug /p:Platform=win32 /p:VisualStudioVersion=16.0 /v:m && Microsoft (R) Build Engine version 16.10.0+4242f381a for .NET Framework
Copyright (C) Microsoft Corporation. All rights reserved.

  Microsoft (R) C/C++ Optimizing Compiler Version 19.29.30037 for x86
  Copyright (C) Microsoft Corporation.  All rights reserved.
  CheckIncludeFile.c
  cl /c /Zi /W3 /WX- /diagnostics:column /MP /Od /Ob0 /Oy- /D WIN32 /D _WINDOWS /D __WINDOWS__ /D __WIN32__ /D "CMAKE_INTDIR=\"Debug\"" /D _MBCS /Gm- /RTC1 /MDd /GS /fp:precise /Zc:wchar_t /Zc:forScope /Zc:inline /Fo"cmTC_09a31.dir\Debug\\" /Fd"cmTC_09a31.dir\Debug\vc142.pdb" /external:env:EXTERNAL_INCLUDE /external:W3 /Gd /TC /analyze- /errorReport:queue C:\Users\Administrator\OneDrive\Dokumente\GitHub\projectX_windows\build\CMakeFiles\CMakeTmp\CheckIncludeFile.c
C:\Users\Administrator\OneDrive\Dokumente\GitHub\projectX_windows\build\CMakeFiles\CMakeTmp\CheckIncludeFile.c(1,10): fatal error C1083: Cannot open include file: 'sys/epoll.h': No such file or directory [C:\Users\Administrator\OneDrive\Dokumente\GitHub\projectX_windows\build\CMakeFiles\CMakeTmp\cmTC_09a31.vcxproj]



Determining if the include file sys/select.h exists failed with the following output:
Change Dir: C:/Users/Administrator/OneDrive/Dokumente/GitHub/projectX_windows/build/CMakeFiles/CMakeTmp

Run Build Command(s):C:/Program Files (x86)/Microsoft Visual Studio/2019/Community/MSBuild/Current/Bin/MSBuild.exe cmTC_c7956.vcxproj /p:Configuration=Debug /p:Platform=win32 /p:VisualStudioVersion=16.0 /v:m && Microsoft (R) Build Engine version 16.10.0+4242f381a for .NET Framework
Copyright (C) Microsoft Corporation. All rights reserved.

  Microsoft (R) C/C++ Optimizing Compiler Version 19.29.30037 for x86
  Copyright (C) Microsoft Corporation.  All rights reserved.
  CheckIncludeFile.c
  cl /c /Zi /W3 /WX- /diagnostics:column /MP /Od /Ob0 /Oy- /D WIN32 /D _WINDOWS /D __WINDOWS__ /D __WIN32__ /D "CMAKE_INTDIR=\"Debug\"" /D _MBCS /Gm- /RTC1 /MDd /GS /fp:precise /Zc:wchar_t /Zc:forScope /Zc:inline /Fo"cmTC_c7956.dir\Debug\\" /Fd"cmTC_c7956.dir\Debug\vc142.pdb" /external:env:EXTERNAL_INCLUDE /external:W3 /Gd /TC /analyze- /errorReport:queue C:\Users\Administrator\OneDrive\Dokumente\GitHub\projectX_windows\build\CMakeFiles\CMakeTmp\CheckIncludeFile.c
C:\Users\Administrator\OneDrive\Dokumente\GitHub\projectX_windows\build\CMakeFiles\CMakeTmp\CheckIncludeFile.c(1,10): fatal error C1083: Cannot open include file: 'sys/select.h': No such file or directory [C:\Users\Administrator\OneDrive\Dokumente\GitHub\projectX_windows\build\CMakeFiles\CMakeTmp\cmTC_c7956.vcxproj]



Determining if the include file sys/inotify.h exists failed with the following output:
Change Dir: C:/Users/Administrator/OneDrive/Dokumente/GitHub/projectX_windows/build/CMakeFiles/CMakeTmp

Run Build Command(s):C:/Program Files (x86)/Microsoft Visual Studio/2019/Community/MSBuild/Current/Bin/MSBuild.exe cmTC_0e5de.vcxproj /p:Configuration=Debug /p:Platform=win32 /p:VisualStudioVersion=16.0 /v:m && Microsoft (R) Build Engine version 16.10.0+4242f381a for .NET Framework
Copyright (C) Microsoft Corporation. All rights reserved.

  Microsoft (R) C/C++ Optimizing Compiler Version 19.29.30037 for x86
  Copyright (C) Microsoft Corporation.  All rights reserved.
  CheckIncludeFile.c
  cl /c /Zi /W3 /WX- /diagnostics:column /MP /Od /Ob0 /Oy- /D WIN32 /D _WINDOWS /D __WINDOWS__ /D __WIN32__ /D "CMAKE_INTDIR=\"Debug\"" /D _MBCS /Gm- /RTC1 /MDd /GS /fp:precise /Zc:wchar_t /Zc:forScope /Zc:inline /Fo"cmTC_0e5de.dir\Debug\\" /Fd"cmTC_0e5de.dir\Debug\vc142.pdb" /external:env:EXTERNAL_INCLUDE /external:W3 /Gd /TC /analyze- /errorReport:queue C:\Users\Administrator\OneDrive\Dokumente\GitHub\projectX_windows\build\CMakeFiles\CMakeTmp\CheckIncludeFile.c
C:\Users\Administrator\OneDrive\Dokumente\GitHub\projectX_windows\build\CMakeFiles\CMakeTmp\CheckIncludeFile.c(1,10): fatal error C1083: Cannot open include file: 'sys/inotify.h': No such file or directory [C:\Users\Administrator\OneDrive\Dokumente\GitHub\projectX_windows\build\CMakeFiles\CMakeTmp\cmTC_0e5de.vcxproj]



Determining if the include file sys/event.h exists failed with the following output:
Change Dir: C:/Users/Administrator/OneDrive/Dokumente/GitHub/projectX_windows/build/CMakeFiles/CMakeTmp

Run Build Command(s):C:/Program Files (x86)/Microsoft Visual Studio/2019/Community/MSBuild/Current/Bin/MSBuild.exe cmTC_b965c.vcxproj /p:Configuration=Debug /p:Platform=win32 /p:VisualStudioVersion=16.0 /v:m && Microsoft (R) Build Engine version 16.10.0+4242f381a for .NET Framework
Copyright (C) Microsoft Corporation. All rights reserved.

  Microsoft (R) C/C++ Optimizing Compiler Version 19.29.30037 for x86
  Copyright (C) Microsoft Corporation.  All rights reserved.
  CheckIncludeFile.c
  cl /c /Zi /W3 /WX- /diagnostics:column /MP /Od /Ob0 /Oy- /D WIN32 /D _WINDOWS /D __WINDOWS__ /D __WIN32__ /D "CMAKE_INTDIR=\"Debug\"" /D _MBCS /Gm- /RTC1 /MDd /GS /fp:precise /Zc:wchar_t /Zc:forScope /Zc:inline /Fo"cmTC_b965c.dir\Debug\\" /Fd"cmTC_b965c.dir\Debug\vc142.pdb" /external:env:EXTERNAL_INCLUDE /external:W3 /Gd /TC /analyze- /errorReport:queue C:\Users\Administrator\OneDrive\Dokumente\GitHub\projectX_windows\build\CMakeFiles\CMakeTmp\CheckIncludeFile.c
C:\Users\Administrator\OneDrive\Dokumente\GitHub\projectX_windows\build\CMakeFiles\CMakeTmp\CheckIncludeFile.c(1,10): fatal error C1083: Cannot open include file: 'sys/event.h': No such file or directory [C:\Users\Administrator\OneDrive\Dokumente\GitHub\projectX_windows\build\CMakeFiles\CMakeTmp\cmTC_b965c.vcxproj]



Determining if the include file xlocale.h exists failed with the following output:
Change Dir: C:/Users/Administrator/OneDrive/Dokumente/GitHub/projectX_windows/build/CMakeFiles/CMakeTmp

Run Build Command(s):C:/Program Files (x86)/Microsoft Visual Studio/2019/Community/MSBuild/Current/Bin/MSBuild.exe cmTC_c6f83.vcxproj /p:Configuration=Debug /p:Platform=win32 /p:VisualStudioVersion=16.0 /v:m && Microsoft (R) Build Engine version 16.10.0+4242f381a for .NET Framework
Copyright (C) Microsoft Corporation. All rights reserved.

  Microsoft (R) C/C++ Optimizing Compiler Version 19.29.30037 for x86
  Copyright (C) Microsoft Corporation.  All rights reserved.
  CheckIncludeFile.c
  cl /c /Zi /W3 /WX- /diagnostics:column /MP /Od /Ob0 /Oy- /D WIN32 /D _WINDOWS /D __WINDOWS__ /D __WIN32__ /D "CMAKE_INTDIR=\"Debug\"" /D _MBCS /Gm- /RTC1 /MDd /GS /fp:precise /Zc:wchar_t /Zc:forScope /Zc:inline /Fo"cmTC_c6f83.dir\Debug\\" /Fd"cmTC_c6f83.dir\Debug\vc142.pdb" /external:env:EXTERNAL_INCLUDE /external:W3 /Gd /TC /analyze- /errorReport:queue C:\Users\Administrator\OneDrive\Dokumente\GitHub\projectX_windows\build\CMakeFiles\CMakeTmp\CheckIncludeFile.c
C:\Users\Administrator\OneDrive\Dokumente\GitHub\projectX_windows\build\CMakeFiles\CMakeTmp\CheckIncludeFile.c(1,10): fatal error C1083: Cannot open include file: 'xlocale.h': No such file or directory [C:\Users\Administrator\OneDrive\Dokumente\GitHub\projectX_windows\build\CMakeFiles\CMakeTmp\cmTC_c6f83.vcxproj]



Determining size of locale_t failed with the following output:
Change Dir: C:/Users/Administrator/OneDrive/Dokumente/GitHub/projectX_windows/build/CMakeFiles/CMakeTmp

Run Build Command(s):C:/Program Files (x86)/Microsoft Visual Studio/2019/Community/MSBuild/Current/Bin/MSBuild.exe cmTC_f752b.vcxproj /p:Configuration=Debug /p:Platform=win32 /p:VisualStudioVersion=16.0 /v:m && Microsoft (R) Build Engine version 16.10.0+4242f381a for .NET Framework
Copyright (C) Microsoft Corporation. All rights reserved.

  Microsoft (R) C/C++ Optimizing Compiler Version 19.29.30037 for x86
  Copyright (C) Microsoft Corporation.  All rights reserved.
  LOCALE_T.c
  cl /c /Zi /W3 /WX- /diagnostics:column /MP /Od /Ob0 /Oy- /D WIN32 /D _WINDOWS /D __WINDOWS__ /D __WIN32__ /D "CMAKE_INTDIR=\"Debug\"" /D _MBCS /Gm- /RTC1 /MDd /GS /fp:precise /Zc:wchar_t /Zc:forScope /Zc:inline /Fo"cmTC_f752b.dir\Debug\\" /Fd"cmTC_f752b.dir\Debug\vc142.pdb" /external:env:EXTERNAL_INCLUDE /external:W3 /Gd /TC /analyze- /errorReport:queue C:\Users\Administrator\OneDrive\Dokumente\GitHub\projectX_windows\build\CMakeFiles\CheckTypeSize\LOCALE_T.c
C:\Users\Administrator\OneDrive\Dokumente\GitHub\projectX_windows\build\CMakeFiles\CheckTypeSize\LOCALE_T.c(30,12): error C2065: 'locale_t': undeclared identifier [C:\Users\Administrator\OneDrive\Dokumente\GitHub\projectX_windows\build\CMakeFiles\CMakeTmp\cmTC_f752b.vcxproj]
C:\Users\Administrator\OneDrive\Dokumente\GitHub\projectX_windows\build\CMakeFiles\CheckTypeSize\LOCALE_T.c(31,12): error C2065: 'locale_t': undeclared identifier [C:\Users\Administrator\OneDrive\Dokumente\GitHub\projectX_windows\build\CMakeFiles\CMakeTmp\cmTC_f752b.vcxproj]
C:\Users\Administrator\OneDrive\Dokumente\GitHub\projectX_windows\build\CMakeFiles\CheckTypeSize\LOCALE_T.c(32,12): error C2065: 'locale_t': undeclared identifier [C:\Users\Administrator\OneDrive\Dokumente\GitHub\projectX_windows\build\CMakeFiles\CMakeTmp\cmTC_f752b.vcxproj]
C:\Users\Administrator\OneDrive\Dokumente\GitHub\projectX_windows\build\CMakeFiles\CheckTypeSize\LOCALE_T.c(33,12): error C2065: 'locale_t': undeclared identifier [C:\Users\Administrator\OneDrive\Dokumente\GitHub\projectX_windows\build\CMakeFiles\CMakeTmp\cmTC_f752b.vcxproj]
C:\Users\Administrator\OneDrive\Dokumente\GitHub\projectX_windows\build\CMakeFiles\CheckTypeSize\LOCALE_T.c(34,12): error C2065: 'locale_t': undeclared identifier [C:\Users\Administrator\OneDrive\Dokumente\GitHub\projectX_windows\build\CMakeFiles\CMakeTmp\cmTC_f752b.vcxproj]


C:/Users/Administrator/OneDrive/Dokumente/GitHub/projectX_windows/build/CMakeFiles/CheckTypeSize/LOCALE_T.c:
#include <sys/types.h>
#include <stdint.h>
#include <stddef.h>
#include "locale.h"


#undef KEY
#if defined(__i386)
# define KEY '_','_','i','3','8','6'
#elif defined(__x86_64)
# define KEY '_','_','x','8','6','_','6','4'
#elif defined(__PPC64__)
# define KEY '_','_','P','P','C','6','4','_','_'
#elif defined(__ppc64__)
# define KEY '_','_','p','p','c','6','4','_','_'
#elif defined(__PPC__)
# define KEY '_','_','P','P','C','_','_'
#elif defined(__ppc__)
# define KEY '_','_','p','p','c','_','_'
#elif defined(__aarch64__)
# define KEY '_','_','a','a','r','c','h','6','4','_','_'
#elif defined(__ARM_ARCH_7A__)
# define KEY '_','_','A','R','M','_','A','R','C','H','_','7','A','_','_'
#elif defined(__ARM_ARCH_7S__)
# define KEY '_','_','A','R','M','_','A','R','C','H','_','7','S','_','_'
#endif

#define SIZE (sizeof(locale_t))
static char info_size[] =  {'I', 'N', 'F', 'O', ':', 's','i','z','e','[',
  ('0' + ((SIZE / 10000)%10)),
  ('0' + ((SIZE / 1000)%10)),
  ('0' + ((SIZE / 100)%10)),
  ('0' + ((SIZE / 10)%10)),
  ('0' +  (SIZE    % 10)),
  ']',
#ifdef KEY
  ' ','k','e','y','[', KEY, ']',
#endif
  '\0'};

#ifdef __CLASSIC_C__
int main(argc, argv) int argc; char *argv[];
#else
int main(int argc, char *argv[])
#endif
{
  int require = 0;
  require += info_size[argc];
  (void)argv;
  return require;
}


Determining size of pid_t failed with the following output:
Change Dir: C:/Users/Administrator/OneDrive/Dokumente/GitHub/projectX_windows/build/CMakeFiles/CMakeTmp

Run Build Command(s):C:/Program Files (x86)/Microsoft Visual Studio/2019/Community/MSBuild/Current/Bin/MSBuild.exe cmTC_483b8.vcxproj /p:Configuration=Debug /p:Platform=win32 /p:VisualStudioVersion=16.0 /v:m && Microsoft (R) Build Engine version 16.10.0+4242f381a for .NET Framework
Copyright (C) Microsoft Corporation. All rights reserved.

  Microsoft (R) C/C++ Optimizing Compiler Version 19.29.30037 for x86
  Copyright (C) Microsoft Corporation.  All rights reserved.
  SIZEOF_PID_T.c
  cl /c /Zi /W3 /WX- /diagnostics:column /MP /Od /Ob0 /Oy- /D WIN32 /D _WINDOWS /D __WINDOWS__ /D __WIN32__ /D "CMAKE_INTDIR=\"Debug\"" /D _MBCS /Gm- /RTC1 /MDd /GS /fp:precise /Zc:wchar_t /Zc:forScope /Zc:inline /Fo"cmTC_483b8.dir\Debug\\" /Fd"cmTC_483b8.dir\Debug\vc142.pdb" /external:env:EXTERNAL_INCLUDE /external:W3 /Gd /TC /analyze- /errorReport:queue C:\Users\Administrator\OneDrive\Dokumente\GitHub\projectX_windows\build\CMakeFiles\CheckTypeSize\SIZEOF_PID_T.c
C:\Users\Administrator\OneDrive\Dokumente\GitHub\projectX_windows\build\CMakeFiles\CheckTypeSize\SIZEOF_PID_T.c(29,12): error C2065: 'pid_t': undeclared identifier [C:\Users\Administrator\OneDrive\Dokumente\GitHub\projectX_windows\build\CMakeFiles\CMakeTmp\cmTC_483b8.vcxproj]
C:\Users\Administrator\OneDrive\Dokumente\GitHub\projectX_windows\build\CMakeFiles\CheckTypeSize\SIZEOF_PID_T.c(30,12): error C2065: 'pid_t': undeclared identifier [C:\Users\Administrator\OneDrive\Dokumente\GitHub\projectX_windows\build\CMakeFiles\CMakeTmp\cmTC_483b8.vcxproj]
C:\Users\Administrator\OneDrive\Dokumente\GitHub\projectX_windows\build\CMakeFiles\CheckTypeSize\SIZEOF_PID_T.c(31,12): error C2065: 'pid_t': undeclared identifier [C:\Users\Administrator\OneDrive\Dokumente\GitHub\projectX_windows\build\CMakeFiles\CMakeTmp\cmTC_483b8.vcxproj]
C:\Users\Administrator\OneDrive\Dokumente\GitHub\projectX_windows\build\CMakeFiles\CheckTypeSize\SIZEOF_PID_T.c(32,12): error C2065: 'pid_t': undeclared identifier [C:\Users\Administrator\OneDrive\Dokumente\GitHub\projectX_windows\build\CMakeFiles\CMakeTmp\cmTC_483b8.vcxproj]
C:\Users\Administrator\OneDrive\Dokumente\GitHub\projectX_windows\build\CMakeFiles\CheckTypeSize\SIZEOF_PID_T.c(33,12): error C2065: 'pid_t': undeclared identifier [C:\Users\Administrator\OneDrive\Dokumente\GitHub\projectX_windows\build\CMakeFiles\CMakeTmp\cmTC_483b8.vcxproj]


C:/Users/Administrator/OneDrive/Dokumente/GitHub/projectX_windows/build/CMakeFiles/CheckTypeSize/SIZEOF_PID_T.c:
#include <sys/types.h>
#include <stdint.h>
#include <stddef.h>


#undef KEY
#if defined(__i386)
# define KEY '_','_','i','3','8','6'
#elif defined(__x86_64)
# define KEY '_','_','x','8','6','_','6','4'
#elif defined(__PPC64__)
# define KEY '_','_','P','P','C','6','4','_','_'
#elif defined(__ppc64__)
# define KEY '_','_','p','p','c','6','4','_','_'
#elif defined(__PPC__)
# define KEY '_','_','P','P','C','_','_'
#elif defined(__ppc__)
# define KEY '_','_','p','p','c','_','_'
#elif defined(__aarch64__)
# define KEY '_','_','a','a','r','c','h','6','4','_','_'
#elif defined(__ARM_ARCH_7A__)
# define KEY '_','_','A','R','M','_','A','R','C','H','_','7','A','_','_'
#elif defined(__ARM_ARCH_7S__)
# define KEY '_','_','A','R','M','_','A','R','C','H','_','7','S','_','_'
#endif

#define SIZE (sizeof(pid_t))
static char info_size[] =  {'I', 'N', 'F', 'O', ':', 's','i','z','e','[',
  ('0' + ((SIZE / 10000)%10)),
  ('0' + ((SIZE / 1000)%10)),
  ('0' + ((SIZE / 100)%10)),
  ('0' + ((SIZE / 10)%10)),
  ('0' +  (SIZE    % 10)),
  ']',
#ifdef KEY
  ' ','k','e','y','[', KEY, ']',
#endif
  '\0'};

#ifdef __CLASSIC_C__
int main(argc, argv) int argc; char *argv[];
#else
int main(int argc, char *argv[])
#endif
{
  int require = 0;
  require += info_size[argc];
  (void)argv;
  return require;
}


Determining size of gid_t failed with the following output:
Change Dir: C:/Users/Administrator/OneDrive/Dokumente/GitHub/projectX_windows/build/CMakeFiles/CMakeTmp

Run Build Command(s):C:/Program Files (x86)/Microsoft Visual Studio/2019/Community/MSBuild/Current/Bin/MSBuild.exe cmTC_08070.vcxproj /p:Configuration=Debug /p:Platform=win32 /p:VisualStudioVersion=16.0 /v:m && Microsoft (R) Build Engine version 16.10.0+4242f381a for .NET Framework
Copyright (C) Microsoft Corporation. All rights reserved.

  Microsoft (R) C/C++ Optimizing Compiler Version 19.29.30037 for x86
  Copyright (C) Microsoft Corporation.  All rights reserved.
  SIZEOF_GID_T.c
  cl /c /Zi /W3 /WX- /diagnostics:column /MP /Od /Ob0 /Oy- /D WIN32 /D _WINDOWS /D __WINDOWS__ /D __WIN32__ /D "CMAKE_INTDIR=\"Debug\"" /D _MBCS /Gm- /RTC1 /MDd /GS /fp:precise /Zc:wchar_t /Zc:forScope /Zc:inline /Fo"cmTC_08070.dir\Debug\\" /Fd"cmTC_08070.dir\Debug\vc142.pdb" /external:env:EXTERNAL_INCLUDE /external:W3 /Gd /TC /analyze- /errorReport:queue C:\Users\Administrator\OneDrive\Dokumente\GitHub\projectX_windows\build\CMakeFiles\CheckTypeSize\SIZEOF_GID_T.c
C:\Users\Administrator\OneDrive\Dokumente\GitHub\projectX_windows\build\CMakeFiles\CheckTypeSize\SIZEOF_GID_T.c(29,12): error C2065: 'gid_t': undeclared identifier [C:\Users\Administrator\OneDrive\Dokumente\GitHub\projectX_windows\build\CMakeFiles\CMakeTmp\cmTC_08070.vcxproj]
C:\Users\Administrator\OneDrive\Dokumente\GitHub\projectX_windows\build\CMakeFiles\CheckTypeSize\SIZEOF_GID_T.c(30,12): error C2065: 'gid_t': undeclared identifier [C:\Users\Administrator\OneDrive\Dokumente\GitHub\projectX_windows\build\CMakeFiles\CMakeTmp\cmTC_08070.vcxproj]
C:\Users\Administrator\OneDrive\Dokumente\GitHub\projectX_windows\build\CMakeFiles\CheckTypeSize\SIZEOF_GID_T.c(31,12): error C2065: 'gid_t': undeclared identifier [C:\Users\Administrator\OneDrive\Dokumente\GitHub\projectX_windows\build\CMakeFiles\CMakeTmp\cmTC_08070.vcxproj]
C:\Users\Administrator\OneDrive\Dokumente\GitHub\projectX_windows\build\CMakeFiles\CheckTypeSize\SIZEOF_GID_T.c(32,12): error C2065: 'gid_t': undeclared identifier [C:\Users\Administrator\OneDrive\Dokumente\GitHub\projectX_windows\build\CMakeFiles\CMakeTmp\cmTC_08070.vcxproj]
C:\Users\Administrator\OneDrive\Dokumente\GitHub\projectX_windows\build\CMakeFiles\CheckTypeSize\SIZEOF_GID_T.c(33,12): error C2065: 'gid_t': undeclared identifier [C:\Users\Administrator\OneDrive\Dokumente\GitHub\projectX_windows\build\CMakeFiles\CMakeTmp\cmTC_08070.vcxproj]


C:/Users/Administrator/OneDrive/Dokumente/GitHub/projectX_windows/build/CMakeFiles/CheckTypeSize/SIZEOF_GID_T.c:
#include <sys/types.h>
#include <stdint.h>
#include <stddef.h>


#undef KEY
#if defined(__i386)
# define KEY '_','_','i','3','8','6'
#elif defined(__x86_64)
# define KEY '_','_','x','8','6','_','6','4'
#elif defined(__PPC64__)
# define KEY '_','_','P','P','C','6','4','_','_'
#elif defined(__ppc64__)
# define KEY '_','_','p','p','c','6','4','_','_'
#elif defined(__PPC__)
# define KEY '_','_','P','P','C','_','_'
#elif defined(__ppc__)
# define KEY '_','_','p','p','c','_','_'
#elif defined(__aarch64__)
# define KEY '_','_','a','a','r','c','h','6','4','_','_'
#elif defined(__ARM_ARCH_7A__)
# define KEY '_','_','A','R','M','_','A','R','C','H','_','7','A','_','_'
#elif defined(__ARM_ARCH_7S__)
# define KEY '_','_','A','R','M','_','A','R','C','H','_','7','S','_','_'
#endif

#define SIZE (sizeof(gid_t))
static char info_size[] =  {'I', 'N', 'F', 'O', ':', 's','i','z','e','[',
  ('0' + ((SIZE / 10000)%10)),
  ('0' + ((SIZE / 1000)%10)),
  ('0' + ((SIZE / 100)%10)),
  ('0' + ((SIZE / 10)%10)),
  ('0' +  (SIZE    % 10)),
  ']',
#ifdef KEY
  ' ','k','e','y','[', KEY, ']',
#endif
  '\0'};

#ifdef __CLASSIC_C__
int main(argc, argv) int argc; char *argv[];
#else
int main(int argc, char *argv[])
#endif
{
  int require = 0;
  require += info_size[argc];
  (void)argv;
  return require;
}


Determining size of uid_t failed with the following output:
Change Dir: C:/Users/Administrator/OneDrive/Dokumente/GitHub/projectX_windows/build/CMakeFiles/CMakeTmp

Run Build Command(s):C:/Program Files (x86)/Microsoft Visual Studio/2019/Community/MSBuild/Current/Bin/MSBuild.exe cmTC_287a4.vcxproj /p:Configuration=Debug /p:Platform=win32 /p:VisualStudioVersion=16.0 /v:m && Microsoft (R) Build Engine version 16.10.0+4242f381a for .NET Framework
Copyright (C) Microsoft Corporation. All rights reserved.

  Microsoft (R) C/C++ Optimizing Compiler Version 19.29.30037 for x86
  Copyright (C) Microsoft Corporation.  All rights reserved.
  SIZEOF_UID_T.c
  cl /c /Zi /W3 /WX- /diagnostics:column /MP /Od /Ob0 /Oy- /D WIN32 /D _WINDOWS /D __WINDOWS__ /D __WIN32__ /D "CMAKE_INTDIR=\"Debug\"" /D _MBCS /Gm- /RTC1 /MDd /GS /fp:precise /Zc:wchar_t /Zc:forScope /Zc:inline /Fo"cmTC_287a4.dir\Debug\\" /Fd"cmTC_287a4.dir\Debug\vc142.pdb" /external:env:EXTERNAL_INCLUDE /external:W3 /Gd /TC /analyze- /errorReport:queue C:\Users\Administrator\OneDrive\Dokumente\GitHub\projectX_windows\build\CMakeFiles\CheckTypeSize\SIZEOF_UID_T.c
C:\Users\Administrator\OneDrive\Dokumente\GitHub\projectX_windows\build\CMakeFiles\CheckTypeSize\SIZEOF_UID_T.c(29,12): error C2065: 'uid_t': undeclared identifier [C:\Users\Administrator\OneDrive\Dokumente\GitHub\projectX_windows\build\CMakeFiles\CMakeTmp\cmTC_287a4.vcxproj]
C:\Users\Administrator\OneDrive\Dokumente\GitHub\projectX_windows\build\CMakeFiles\CheckTypeSize\SIZEOF_UID_T.c(30,12): error C2065: 'uid_t': undeclared identifier [C:\Users\Administrator\OneDrive\Dokumente\GitHub\projectX_windows\build\CMakeFiles\CMakeTmp\cmTC_287a4.vcxproj]
C:\Users\Administrator\OneDrive\Dokumente\GitHub\projectX_windows\build\CMakeFiles\CheckTypeSize\SIZEOF_UID_T.c(31,12): error C2065: 'uid_t': undeclared identifier [C:\Users\Administrator\OneDrive\Dokumente\GitHub\projectX_windows\build\CMakeFiles\CMakeTmp\cmTC_287a4.vcxproj]
C:\Users\Administrator\OneDrive\Dokumente\GitHub\projectX_windows\build\CMakeFiles\CheckTypeSize\SIZEOF_UID_T.c(32,12): error C2065: 'uid_t': undeclared identifier [C:\Users\Administrator\OneDrive\Dokumente\GitHub\projectX_windows\build\CMakeFiles\CMakeTmp\cmTC_287a4.vcxproj]
C:\Users\Administrator\OneDrive\Dokumente\GitHub\projectX_windows\build\CMakeFiles\CheckTypeSize\SIZEOF_UID_T.c(33,12): error C2065: 'uid_t': undeclared identifier [C:\Users\Administrator\OneDrive\Dokumente\GitHub\projectX_windows\build\CMakeFiles\CMakeTmp\cmTC_287a4.vcxproj]


C:/Users/Administrator/OneDrive/Dokumente/GitHub/projectX_windows/build/CMakeFiles/CheckTypeSize/SIZEOF_UID_T.c:
#include <sys/types.h>
#include <stdint.h>
#include <stddef.h>


#undef KEY
#if defined(__i386)
# define KEY '_','_','i','3','8','6'
#elif defined(__x86_64)
# define KEY '_','_','x','8','6','_','6','4'
#elif defined(__PPC64__)
# define KEY '_','_','P','P','C','6','4','_','_'
#elif defined(__ppc64__)
# define KEY '_','_','p','p','c','6','4','_','_'
#elif defined(__PPC__)
# define KEY '_','_','P','P','C','_','_'
#elif defined(__ppc__)
# define KEY '_','_','p','p','c','_','_'
#elif defined(__aarch64__)
# define KEY '_','_','a','a','r','c','h','6','4','_','_'
#elif defined(__ARM_ARCH_7A__)
# define KEY '_','_','A','R','M','_','A','R','C','H','_','7','A','_','_'
#elif defined(__ARM_ARCH_7S__)
# define KEY '_','_','A','R','M','_','A','R','C','H','_','7','S','_','_'
#endif

#define SIZE (sizeof(uid_t))
static char info_size[] =  {'I', 'N', 'F', 'O', ':', 's','i','z','e','[',
  ('0' + ((SIZE / 10000)%10)),
  ('0' + ((SIZE / 1000)%10)),
  ('0' + ((SIZE / 100)%10)),
  ('0' + ((SIZE / 10)%10)),
  ('0' +  (SIZE    % 10)),
  ']',
#ifdef KEY
  ' ','k','e','y','[', KEY, ']',
#endif
  '\0'};

#ifdef __CLASSIC_C__
int main(argc, argv) int argc; char *argv[];
#else
int main(int argc, char *argv[])
#endif
{
  int require = 0;
  require += info_size[argc];
  (void)argv;
  return require;
}


Determining size of ssize_t failed with the following output:
Change Dir: C:/Users/Administrator/OneDrive/Dokumente/GitHub/projectX_windows/build/CMakeFiles/CMakeTmp

Run Build Command(s):C:/Program Files (x86)/Microsoft Visual Studio/2019/Community/MSBuild/Current/Bin/MSBuild.exe cmTC_b9155.vcxproj /p:Configuration=Debug /p:Platform=win32 /p:VisualStudioVersion=16.0 /v:m && Microsoft (R) Build Engine version 16.10.0+4242f381a for .NET Framework
Copyright (C) Microsoft Corporation. All rights reserved.

  Microsoft (R) C/C++ Optimizing Compiler Version 19.29.30037 for x86
  Copyright (C) Microsoft Corporation.  All rights reserved.
  SSIZE_T.c
  cl /c /Zi /W3 /WX- /diagnostics:column /MP /Od /Ob0 /Oy- /D WIN32 /D _WINDOWS /D __WINDOWS__ /D __WIN32__ /D "CMAKE_INTDIR=\"Debug\"" /D _MBCS /Gm- /RTC1 /MDd /GS /fp:precise /Zc:wchar_t /Zc:forScope /Zc:inline /Fo"cmTC_b9155.dir\Debug\\" /Fd"cmTC_b9155.dir\Debug\vc142.pdb" /external:env:EXTERNAL_INCLUDE /external:W3 /Gd /TC /analyze- /errorReport:queue C:\Users\Administrator\OneDrive\Dokumente\GitHub\projectX_windows\build\CMakeFiles\CheckTypeSize\SSIZE_T.c
C:\Users\Administrator\OneDrive\Dokumente\GitHub\projectX_windows\build\CMakeFiles\CheckTypeSize\SSIZE_T.c(29,12): error C2065: 'ssize_t': undeclared identifier [C:\Users\Administrator\OneDrive\Dokumente\GitHub\projectX_windows\build\CMakeFiles\CMakeTmp\cmTC_b9155.vcxproj]
C:\Users\Administrator\OneDrive\Dokumente\GitHub\projectX_windows\build\CMakeFiles\CheckTypeSize\SSIZE_T.c(30,12): error C2065: 'ssize_t': undeclared identifier [C:\Users\Administrator\OneDrive\Dokumente\GitHub\projectX_windows\build\CMakeFiles\CMakeTmp\cmTC_b9155.vcxproj]
C:\Users\Administrator\OneDrive\Dokumente\GitHub\projectX_windows\build\CMakeFiles\CheckTypeSize\SSIZE_T.c(31,12): error C2065: 'ssize_t': undeclared identifier [C:\Users\Administrator\OneDrive\Dokumente\GitHub\projectX_windows\build\CMakeFiles\CMakeTmp\cmTC_b9155.vcxproj]
C:\Users\Administrator\OneDrive\Dokumente\GitHub\projectX_windows\build\CMakeFiles\CheckTypeSize\SSIZE_T.c(32,12): error C2065: 'ssize_t': undeclared identifier [C:\Users\Administrator\OneDrive\Dokumente\GitHub\projectX_windows\build\CMakeFiles\CMakeTmp\cmTC_b9155.vcxproj]
C:\Users\Administrator\OneDrive\Dokumente\GitHub\projectX_windows\build\CMakeFiles\CheckTypeSize\SSIZE_T.c(33,12): error C2065: 'ssize_t': undeclared identifier [C:\Users\Administrator\OneDrive\Dokumente\GitHub\projectX_windows\build\CMakeFiles\CMakeTmp\cmTC_b9155.vcxproj]


C:/Users/Administrator/OneDrive/Dokumente/GitHub/projectX_windows/build/CMakeFiles/CheckTypeSize/SSIZE_T.c:
#include <sys/types.h>
#include <stdint.h>
#include <stddef.h>


#undef KEY
#if defined(__i386)
# define KEY '_','_','i','3','8','6'
#elif defined(__x86_64)
# define KEY '_','_','x','8','6','_','6','4'
#elif defined(__PPC64__)
# define KEY '_','_','P','P','C','6','4','_','_'
#elif defined(__ppc64__)
# define KEY '_','_','p','p','c','6','4','_','_'
#elif defined(__PPC__)
# define KEY '_','_','P','P','C','_','_'
#elif defined(__ppc__)
# define KEY '_','_','p','p','c','_','_'
#elif defined(__aarch64__)
# define KEY '_','_','a','a','r','c','h','6','4','_','_'
#elif defined(__ARM_ARCH_7A__)
# define KEY '_','_','A','R','M','_','A','R','C','H','_','7','A','_','_'
#elif defined(__ARM_ARCH_7S__)
# define KEY '_','_','A','R','M','_','A','R','C','H','_','7','S','_','_'
#endif

#define SIZE (sizeof(ssize_t))
static char info_size[] =  {'I', 'N', 'F', 'O', ':', 's','i','z','e','[',
  ('0' + ((SIZE / 10000)%10)),
  ('0' + ((SIZE / 1000)%10)),
  ('0' + ((SIZE / 100)%10)),
  ('0' + ((SIZE / 10)%10)),
  ('0' +  (SIZE    % 10)),
  ']',
#ifdef KEY
  ' ','k','e','y','[', KEY, ']',
#endif
  '\0'};

#ifdef __CLASSIC_C__
int main(argc, argv) int argc; char *argv[];
#else
int main(int argc, char *argv[])
#endif
{
  int require = 0;
  require += info_size[argc];
  (void)argv;
  return require;
}


